<!DOCTYPE html PUBLIC "-//W3C//DTD XHTML 1.1//EN" "http://www.w3.org/TR/xhtml11/DTD/xhtml11.dtd">
<html xmlns="http://www.w3.org/1999/xhtml">
<head>
<meta http-equiv="content-type" content="text/html; charset=UTF-8"/>
<title>TestNG Report</title>
<style type="text/css">table {margin-bottom:10px;border-collapse:collapse;empty-cells:show}th,td {border:1px solid #009;padding:.25em .5em}th {vertical-align:bottom}td {vertical-align:top}table a {font-weight:bold}.stripe td {background-color: #E6EBF9}.num {text-align:right}.passedodd td {background-color: #3F3}.passedeven td {background-color: #0A0}.skippedodd td {background-color: #DDD}.skippedeven td {background-color: #CCC}.failedodd td,.attn {background-color: #F33}.failedeven td,.stripe .attn {background-color: #D00}.stacktrace {white-space:pre;font-family:monospace}.totop {font-size:85%;text-align:center;border-bottom:2px solid #000}.invisible {display:none}</style>
</head>
<body>
<table>
<tr><th>Test</th><th># Passed</th><th># Skipped</th><th># Failed</th><th>Time (ms)</th><th>Included Groups</th><th>Excluded Groups</th></tr>
<tr><th colspan="7">Default suite</th></tr>
<tr><td><a href="#t0">Default test</a></td><td class="num">29</td><td class="num">0</td><td class="num attn">3</td><td class="num">908,082</td><td></td><td></td></tr>
</table>
<table id='summary'><thead><tr><th>Class</th><th>Method</th><th>Start</th><th>Time (ms)</th></tr></thead><tbody><tr><th colspan="4">Default suite</th></tr></tbody><tbody id="t0"><tr><th colspan="4">Default test &#8212; failed</th></tr><tr class="failedeven"><td rowspan="1">com.baylorgenetics.cataglog_qa.testcases.LogInFlowSignInAtCatalogpage</td><td><a href="#m0">SignInAtCatalogPage</a></td><td rowspan="1">1571857609659</td><td rowspan="1">35905</td></tr><tr class="failedodd"><td rowspan="1">com.baylorgenetics.cataglog_qa.testcases.LoginFlowSigninAtDetailsPage</td><td><a href="#m1">SignInAtDetailsgPage</a></td><td rowspan="1">1571857409772</td><td rowspan="1">19888</td></tr><tr class="failedeven"><td rowspan="1">com.baylorgenetics.cataglog_qa.testcases.NegativeSubmitAnOrderWithoutIndicationRequiredFields</td><td><a href="#m2">negativeSubmitOrderWithoutRequiredIndicationRequiredF</a></td><td rowspan="1">1571856907217</td><td rowspan="1">45734</td></tr><tr><th colspan="4">Default test &#8212; passed</th></tr><tr class="passedeven"><td rowspan="1">com.baylorgenetics.cataglog_qa.testcases.AddAdditionalClinicalInfoDocToAnOrder</td><td><a href="#m3">addAditionalClinicalInfoDoc</a></td><td rowspan="1">1571857556276</td><td rowspan="1">53378</td></tr><tr class="passedodd"><td rowspan="1">com.baylorgenetics.cataglog_qa.testcases.AddConsentFormDocToAnOrder</td><td><a href="#m4">addConsentFormtoOrder</a></td><td rowspan="1">1571857205384</td><td rowspan="1">53971</td></tr><tr class="passedeven"><td rowspan="1">com.baylorgenetics.cataglog_qa.testcases.AddDiffDiagnosisDocToAnOrder</td><td><a href="#m5">addDifferentialDiagnosisDoc</a></td><td rowspan="1">1571857429663</td><td rowspan="1">55781</td></tr><tr class="passedodd"><td rowspan="1">com.baylorgenetics.cataglog_qa.testcases.AddingMoreThanOneAdditionalRecipients</td><td><a href="#m6">additionalRecipients</a></td><td rowspan="1">1571857284718</td><td rowspan="1">23803</td></tr><tr class="passedeven"><td rowspan="1">com.baylorgenetics.cataglog_qa.testcases.EthnicityDropdownSelectAfricanAmericanValueOrderpage</td><td><a href="#m7">ValidateEthnicityDropdown</a></td><td rowspan="1">1571857109385</td><td rowspan="1">20398</td></tr><tr class="passedodd"><td rowspan="1">com.baylorgenetics.cataglog_qa.testcases.EthnicityDropdownSelectAshkenaziJewishValueOrderpage</td><td><a href="#m8">ethnicityValidateAshkenaziJewishInDropdown</a></td><td rowspan="1">1571857389317</td><td rowspan="1">20453</td></tr><tr class="passedeven"><td rowspan="1">com.baylorgenetics.cataglog_qa.testcases.EthnicityDropdownSelectEastAsianValueOrderpage</td><td><a href="#m9">ValidateEastAsianInDropdown</a></td><td rowspan="1">1571857485446</td><td rowspan="1">20569</td></tr><tr class="passedodd"><td rowspan="1">com.baylorgenetics.cataglog_qa.testcases.EthnicityDropdownSelectOtherValueORderpage</td><td><a href="#m10">ValidateOtherInDropdown</a></td><td rowspan="1">1571857693125</td><td rowspan="1">29405</td></tr><tr class="passedeven"><td rowspan="1">com.baylorgenetics.cataglog_qa.testcases.FemalePatientInfomation</td><td><a href="#m11">female</a></td><td rowspan="1">1571857645565</td><td rowspan="1">24998</td></tr><tr class="passedodd"><td rowspan="1">com.baylorgenetics.cataglog_qa.testcases.GeneAwaresDownloadAndVerifyThePdf</td><td><a href="#m12">VerifyGeneAwaresPreqPDF</a></td><td rowspan="1">1571856952954</td><td rowspan="1">3916</td></tr><tr class="passedeven"><td rowspan="1">com.baylorgenetics.cataglog_qa.testcases.GestationalInfoYesPregLMP</td><td><a href="#m13">yesPregnantLmp</a></td><td rowspan="1">1571857162419</td><td rowspan="1">25419</td></tr><tr class="passedodd"><td rowspan="1">com.baylorgenetics.cataglog_qa.testcases.GestationalInfoYesPregUltraDate</td><td><a href="#m14">gesYesPregnantUltraDate</a></td><td rowspan="1">1571857356239</td><td rowspan="1">33076</td></tr><tr class="passedeven"><td rowspan="1">com.baylorgenetics.cataglog_qa.testcases.LogInFireFox</td><td><a href="#m15">logInFireFox</a></td><td rowspan="1">1571857079278</td><td rowspan="1">30106</td></tr><tr class="passedodd"><td rowspan="1">com.baylorgenetics.cataglog_qa.testcases.LoginChrome</td><td><a href="#m16">logInChrome</a></td><td rowspan="1">1571857129785</td><td rowspan="1">32633</td></tr><tr class="passedeven"><td rowspan="1">com.baylorgenetics.cataglog_qa.testcases.MalePatientInformation</td><td><a href="#m17">male</a></td><td rowspan="1">1571857506016</td><td rowspan="1">33435</td></tr><tr class="passedodd"><td rowspan="1">com.baylorgenetics.cataglog_qa.testcases.NegativeInvalidKeyword</td><td><a href="#m18">NegativeNoSearchResultsFound</a></td><td rowspan="1">1571857308522</td><td rowspan="1">15192</td></tr><tr class="passedeven"><td rowspan="1">com.baylorgenetics.cataglog_qa.testcases.NegativeMissingValueInSampleInfo</td><td><a href="#m19">negativeSubmitOrderWithMissingValuesInSampleInfo</a></td><td rowspan="1">1571857323716</td><td rowspan="1">32521</td></tr><tr class="passedodd"><td rowspan="1">com.baylorgenetics.cataglog_qa.testcases.NegativePatientInfoSubmitWithoutRequiredFields</td><td><a href="#m20">NegativePatientInfoNorequiredFieldsSubmit</a></td><td rowspan="1">1571857044845</td><td rowspan="1">34432</td></tr><tr class="passedeven"><td rowspan="1">com.baylorgenetics.cataglog_qa.testcases.SecurityOpeningActiveOrderFromAnotherAccount</td><td><a href="#m21">openActiveOrderFromAnotherAccount</a></td><td rowspan="1">1571857539452</td><td rowspan="1">16822</td></tr><tr class="passedodd"><td rowspan="1">com.baylorgenetics.cataglog_qa.testcases.SecurityOpeningCompletedOrderFromAnotherAccount</td><td><a href="#m22">openAcompletedOrderFromAnotherAccount</a></td><td rowspan="1">1571856956873</td><td rowspan="1">20812</td></tr><tr class="passedeven"><td rowspan="1">com.baylorgenetics.cataglog_qa.testcases.SecurityOpeningDraftOrderFromAnotherAccount</td><td><a href="#m23">openDraftOrderFromAnotherAccount</a></td><td rowspan="1">1571857187840</td><td rowspan="1">17542</td></tr><tr class="passedodd"><td rowspan="1">com.baylorgenetics.cataglog_qa.testcases.SelectingInsuranceUsePatientInfo</td><td><a href="#m24">selectingInsuranceFlagUsePatientInfo</a></td><td rowspan="1">1571857761212</td><td rowspan="1">54057</td></tr><tr class="passedeven"><td rowspan="1">com.baylorgenetics.cataglog_qa.testcases.ValidatingTheSearchValueInURL</td><td><a href="#m25">validateValueinUrl</a></td><td rowspan="1">1571857002330</td><td rowspan="1">17386</td></tr><tr class="passedodd"><td rowspan="1">com.baylorgenetics.cataglog_qa.testcases.VerifyingAllValuesInTheEthnicityDropDown</td><td><a href="#m26">ValidateAllValueEthnicity</a></td><td rowspan="1">1571857722531</td><td rowspan="1">18726</td></tr><tr class="passedeven"><td rowspan="1">com.baylorgenetics.cataglog_qa.testcases.VerifyingCytogeneticsOrderpageAndSections</td><td><a href="#m27">verifyingTheUrlAndSectionWestCytogeneticsOrderPage</a></td><td rowspan="1">1571857670564</td><td rowspan="1">22560</td></tr><tr class="passedodd"><td rowspan="1">com.baylorgenetics.cataglog_qa.testcases.VerifyingGlobalMapsOrderPageAndSections</td><td><a href="#m28">verifyingTheUrlAndSectionWestGlobalMapsOrderPage</a></td><td rowspan="1">1571856977686</td><td rowspan="1">24642</td></tr><tr class="passedeven"><td rowspan="1">com.baylorgenetics.cataglog_qa.testcases.VerifyingMitochondrialOrderPageAndSections</td><td><a href="#m29">verifyingTheUrlAndSectionMitOrderPage</a></td><td rowspan="1">1571857019718</td><td rowspan="1">25124</td></tr><tr class="passedodd"><td rowspan="1">com.baylorgenetics.cataglog_qa.testcases.VerifyingWestAdvantageOrderPageAndSections</td><td><a href="#m30">verifyingTheUrlAndSectionWestAdvantageOrderPage</a></td><td rowspan="1">1571857741258</td><td rowspan="1">19952</td></tr><tr class="passedeven"><td rowspan="1">com.baylorgenetics.cataglog_qa.testcases.VerifyingWgsOrderPageAndSections</td><td><a href="#m31">verifyingTheUrlAndSectionWgsOrderPage</a></td><td rowspan="1">1571857259357</td><td rowspan="1">25359</td></tr></tbody>
</table>
<h2>Default test</h2><h3 id="m0">com.baylorgenetics.cataglog_qa.testcases.LogInFlowSignInAtCatalogpage#SignInAtCatalogPage</h3><table class="result"><tr><th>Exception</th></tr><tr><td><div class="stacktrace">org.openqa.selenium.NoSuchElementException: no such element: Unable to locate element: {&quot;method&quot;:&quot;xpath&quot;,&quot;selector&quot;:&quot;//div[@id=&apos;root&apos;]/div/div/div[1]/div[2]/div/div[3]&quot;}
  (Session info: chrome=77.0.3865.120)
For documentation on this error, please visit: https://www.seleniumhq.org/exceptions/no_such_element.html
Build info: version: &apos;3.141.59&apos;, revision: &apos;e82be7d358&apos;, time: &apos;2018-11-14T08:25:53&apos;
System info: host: &apos;BG-DEV19-LT&apos;, ip: &apos;10.27.3.207&apos;, os.name: &apos;Windows 10&apos;, os.arch: &apos;amd64&apos;, os.version: &apos;10.0&apos;, java.version: &apos;1.8.0_221&apos;
Driver info: org.openqa.selenium.chrome.ChromeDriver
Capabilities {acceptInsecureCerts: false, browserName: chrome, browserVersion: 77.0.3865.120, chrome: {chromedriverVersion: 77.0.3865.40 (f484704e052e0..., userDataDir: C:\Users\atd0623\AppData\Lo...}, goog:chromeOptions: {debuggerAddress: localhost:60153}, javascriptEnabled: true, networkConnectionEnabled: false, pageLoadStrategy: normal, platform: XP, platformName: XP, proxy: Proxy(), setWindowRect: true, strictFileInteractability: false, timeouts: {implicit: 0, pageLoad: 300000, script: 30000}, unhandledPromptBehavior: dismiss and notify}
Session ID: 0ac4748e44c406c76821eda8a94791df
*** Element info: {Using=xpath, value=//div[@id=&apos;root&apos;]/div/div/div[1]/div[2]/div/div[3]}
	at sun.reflect.NativeConstructorAccessorImpl.newInstance0(Native Method)
	at sun.reflect.NativeConstructorAccessorImpl.newInstance(Unknown Source)
	at sun.reflect.DelegatingConstructorAccessorImpl.newInstance(Unknown Source)
	at java.lang.reflect.Constructor.newInstance(Unknown Source)
	at org.openqa.selenium.remote.http.W3CHttpResponseCodec.createException(W3CHttpResponseCodec.java:187)
	at org.openqa.selenium.remote.http.W3CHttpResponseCodec.decode(W3CHttpResponseCodec.java:122)
	at org.openqa.selenium.remote.http.W3CHttpResponseCodec.decode(W3CHttpResponseCodec.java:49)
	at org.openqa.selenium.remote.HttpCommandExecutor.execute(HttpCommandExecutor.java:158)
	at org.openqa.selenium.remote.service.DriverCommandExecutor.execute(DriverCommandExecutor.java:83)
	at org.openqa.selenium.remote.RemoteWebDriver.execute(RemoteWebDriver.java:552)
	at org.openqa.selenium.remote.RemoteWebDriver.findElement(RemoteWebDriver.java:323)
	at org.openqa.selenium.remote.RemoteWebDriver.findElementByXPath(RemoteWebDriver.java:428)
	at org.openqa.selenium.By$ByXPath.findElement(By.java:353)
	at org.openqa.selenium.remote.RemoteWebDriver.findElement(RemoteWebDriver.java:315)
	at com.baylorgenetics.cataglog_qa.testcases.LogInFlowSignInAtCatalogpage.SignInAtCatalogPage(LogInFlowSignInAtCatalogpage.java:124)
	at sun.reflect.NativeMethodAccessorImpl.invoke0(Native Method)
	at sun.reflect.NativeMethodAccessorImpl.invoke(Unknown Source)
	at sun.reflect.DelegatingMethodAccessorImpl.invoke(Unknown Source)
	at java.lang.reflect.Method.invoke(Unknown Source)
	at org.testng.internal.MethodInvocationHelper.invokeMethod(MethodInvocationHelper.java:124)
	at org.testng.internal.Invoker.invokeMethod(Invoker.java:583)
	at org.testng.internal.Invoker.invokeTestMethod(Invoker.java:719)
	at org.testng.internal.Invoker.invokeTestMethods(Invoker.java:989)
	at org.testng.internal.TestMethodWorker.invokeTestMethods(TestMethodWorker.java:125)
	at org.testng.internal.TestMethodWorker.run(TestMethodWorker.java:109)
	at org.testng.TestRunner.privateRun(TestRunner.java:648)
	at org.testng.TestRunner.run(TestRunner.java:505)
	at org.testng.SuiteRunner.runTest(SuiteRunner.java:455)
	at org.testng.SuiteRunner.runSequentially(SuiteRunner.java:450)
	at org.testng.SuiteRunner.privateRun(SuiteRunner.java:415)
	at org.testng.SuiteRunner.run(SuiteRunner.java:364)
	at org.testng.SuiteRunnerWorker.runSuite(SuiteRunnerWorker.java:52)
	at org.testng.SuiteRunnerWorker.run(SuiteRunnerWorker.java:84)
	at org.testng.TestNG.runSuitesSequentially(TestNG.java:1208)
	at org.testng.TestNG.runSuitesLocally(TestNG.java:1137)
	at org.testng.TestNG.runSuites(TestNG.java:1049)
	at org.testng.TestNG.run(TestNG.java:1017)
	at org.testng.remote.AbstractRemoteTestNG.run(AbstractRemoteTestNG.java:115)
	at org.testng.remote.RemoteTestNG.initAndRun(RemoteTestNG.java:251)
	at org.testng.remote.RemoteTestNG.main(RemoteTestNG.java:77)
</div></td></tr></table><p class="totop"><a href="#summary">back to summary</a></p>
<h3 id="m1">com.baylorgenetics.cataglog_qa.testcases.LoginFlowSigninAtDetailsPage#SignInAtDetailsgPage</h3><table class="result"><tr><th>Exception</th></tr><tr><td><div class="stacktrace">java.lang.AssertionError: expected [CLARA ADAMS (AUTOTEST) â–¼] but found [CLARA ADAMS (AUTOTEST)]
	at org.testng.Assert.fail(Assert.java:96)
	at org.testng.Assert.failNotEquals(Assert.java:776)
	at org.testng.Assert.assertEqualsImpl(Assert.java:137)
	at org.testng.Assert.assertEquals(Assert.java:118)
	at org.testng.Assert.assertEquals(Assert.java:453)
	at org.testng.Assert.assertEquals(Assert.java:463)
	at com.baylorgenetics.cataglog_qa.testcases.LoginFlowSigninAtDetailsPage.SignInAtDetailsgPage(LoginFlowSigninAtDetailsPage.java:100)
	at sun.reflect.NativeMethodAccessorImpl.invoke0(Native Method)
	at sun.reflect.NativeMethodAccessorImpl.invoke(Unknown Source)
	at sun.reflect.DelegatingMethodAccessorImpl.invoke(Unknown Source)
	at java.lang.reflect.Method.invoke(Unknown Source)
	at org.testng.internal.MethodInvocationHelper.invokeMethod(MethodInvocationHelper.java:124)
	at org.testng.internal.Invoker.invokeMethod(Invoker.java:583)
	at org.testng.internal.Invoker.invokeTestMethod(Invoker.java:719)
	at org.testng.internal.Invoker.invokeTestMethods(Invoker.java:989)
	at org.testng.internal.TestMethodWorker.invokeTestMethods(TestMethodWorker.java:125)
	at org.testng.internal.TestMethodWorker.run(TestMethodWorker.java:109)
	at org.testng.TestRunner.privateRun(TestRunner.java:648)
	at org.testng.TestRunner.run(TestRunner.java:505)
	at org.testng.SuiteRunner.runTest(SuiteRunner.java:455)
	at org.testng.SuiteRunner.runSequentially(SuiteRunner.java:450)
	at org.testng.SuiteRunner.privateRun(SuiteRunner.java:415)
	at org.testng.SuiteRunner.run(SuiteRunner.java:364)
	at org.testng.SuiteRunnerWorker.runSuite(SuiteRunnerWorker.java:52)
	at org.testng.SuiteRunnerWorker.run(SuiteRunnerWorker.java:84)
	at org.testng.TestNG.runSuitesSequentially(TestNG.java:1208)
	at org.testng.TestNG.runSuitesLocally(TestNG.java:1137)
	at org.testng.TestNG.runSuites(TestNG.java:1049)
	at org.testng.TestNG.run(TestNG.java:1017)
	at org.testng.remote.AbstractRemoteTestNG.run(AbstractRemoteTestNG.java:115)
	at org.testng.remote.RemoteTestNG.initAndRun(RemoteTestNG.java:251)
	at org.testng.remote.RemoteTestNG.main(RemoteTestNG.java:77)
</div></td></tr></table><p class="totop"><a href="#summary">back to summary</a></p>
<h3 id="m2">com.baylorgenetics.cataglog_qa.testcases.NegativeSubmitAnOrderWithoutIndicationRequiredFields#negativeSubmitOrderWithoutRequiredIndicationRequiredF</h3><table class="result"><tr><th>Exception</th></tr><tr><td><div class="stacktrace">java.lang.AssertionError: expected [Unable to submit order. Please correct any errors and try again.] but found [Order submitted!]
	at org.testng.Assert.fail(Assert.java:96)
	at org.testng.Assert.failNotEquals(Assert.java:776)
	at org.testng.Assert.assertEqualsImpl(Assert.java:137)
	at org.testng.Assert.assertEquals(Assert.java:118)
	at org.testng.Assert.assertEquals(Assert.java:453)
	at org.testng.Assert.assertEquals(Assert.java:463)
	at com.baylorgenetics.cataglog_qa.testcases.NegativeSubmitAnOrderWithoutIndicationRequiredFields.negativeSubmitOrderWithoutRequiredIndicationRequiredF(NegativeSubmitAnOrderWithoutIndicationRequiredFields.java:390)
	at sun.reflect.NativeMethodAccessorImpl.invoke0(Native Method)
	at sun.reflect.NativeMethodAccessorImpl.invoke(Unknown Source)
	at sun.reflect.DelegatingMethodAccessorImpl.invoke(Unknown Source)
	at java.lang.reflect.Method.invoke(Unknown Source)
	at org.testng.internal.MethodInvocationHelper.invokeMethod(MethodInvocationHelper.java:124)
	at org.testng.internal.Invoker.invokeMethod(Invoker.java:583)
	at org.testng.internal.Invoker.invokeTestMethod(Invoker.java:719)
	at org.testng.internal.Invoker.invokeTestMethods(Invoker.java:989)
	at org.testng.internal.TestMethodWorker.invokeTestMethods(TestMethodWorker.java:125)
	at org.testng.internal.TestMethodWorker.run(TestMethodWorker.java:109)
	at org.testng.TestRunner.privateRun(TestRunner.java:648)
	at org.testng.TestRunner.run(TestRunner.java:505)
	at org.testng.SuiteRunner.runTest(SuiteRunner.java:455)
	at org.testng.SuiteRunner.runSequentially(SuiteRunner.java:450)
	at org.testng.SuiteRunner.privateRun(SuiteRunner.java:415)
	at org.testng.SuiteRunner.run(SuiteRunner.java:364)
	at org.testng.SuiteRunnerWorker.runSuite(SuiteRunnerWorker.java:52)
	at org.testng.SuiteRunnerWorker.run(SuiteRunnerWorker.java:84)
	at org.testng.TestNG.runSuitesSequentially(TestNG.java:1208)
	at org.testng.TestNG.runSuitesLocally(TestNG.java:1137)
	at org.testng.TestNG.runSuites(TestNG.java:1049)
	at org.testng.TestNG.run(TestNG.java:1017)
	at org.testng.remote.AbstractRemoteTestNG.run(AbstractRemoteTestNG.java:115)
	at org.testng.remote.RemoteTestNG.initAndRun(RemoteTestNG.java:251)
	at org.testng.remote.RemoteTestNG.main(RemoteTestNG.java:77)
</div></td></tr></table><p class="totop"><a href="#summary">back to summary</a></p>
<h3 id="m3">com.baylorgenetics.cataglog_qa.testcases.AddAdditionalClinicalInfoDocToAnOrder#addAditionalClinicalInfoDoc</h3><table class="result"><tr><th class="invisible"/></tr></table><p class="totop"><a href="#summary">back to summary</a></p>
<h3 id="m4">com.baylorgenetics.cataglog_qa.testcases.AddConsentFormDocToAnOrder#addConsentFormtoOrder</h3><table class="result"><tr><th class="invisible"/></tr></table><p class="totop"><a href="#summary">back to summary</a></p>
<h3 id="m5">com.baylorgenetics.cataglog_qa.testcases.AddDiffDiagnosisDocToAnOrder#addDifferentialDiagnosisDoc</h3><table class="result"><tr><th class="invisible"/></tr></table><p class="totop"><a href="#summary">back to summary</a></p>
<h3 id="m6">com.baylorgenetics.cataglog_qa.testcases.AddingMoreThanOneAdditionalRecipients#additionalRecipients</h3><table class="result"><tr><th class="invisible"/></tr></table><p class="totop"><a href="#summary">back to summary</a></p>
<h3 id="m7">com.baylorgenetics.cataglog_qa.testcases.EthnicityDropdownSelectAfricanAmericanValueOrderpage#ValidateEthnicityDropdown</h3><table class="result"><tr><th class="invisible"/></tr></table><p class="totop"><a href="#summary">back to summary</a></p>
<h3 id="m8">com.baylorgenetics.cataglog_qa.testcases.EthnicityDropdownSelectAshkenaziJewishValueOrderpage#ethnicityValidateAshkenaziJewishInDropdown</h3><table class="result"><tr><th class="invisible"/></tr></table><p class="totop"><a href="#summary">back to summary</a></p>
<h3 id="m9">com.baylorgenetics.cataglog_qa.testcases.EthnicityDropdownSelectEastAsianValueOrderpage#ValidateEastAsianInDropdown</h3><table class="result"><tr><th class="invisible"/></tr></table><p class="totop"><a href="#summary">back to summary</a></p>
<h3 id="m10">com.baylorgenetics.cataglog_qa.testcases.EthnicityDropdownSelectOtherValueORderpage#ValidateOtherInDropdown</h3><table class="result"><tr><th class="invisible"/></tr></table><p class="totop"><a href="#summary">back to summary</a></p>
<h3 id="m11">com.baylorgenetics.cataglog_qa.testcases.FemalePatientInfomation#female</h3><table class="result"><tr><th class="invisible"/></tr></table><p class="totop"><a href="#summary">back to summary</a></p>
<h3 id="m12">com.baylorgenetics.cataglog_qa.testcases.GeneAwaresDownloadAndVerifyThePdf#VerifyGeneAwaresPreqPDF</h3><table class="result"><tr><th class="invisible"/></tr></table><p class="totop"><a href="#summary">back to summary</a></p>
<h3 id="m13">com.baylorgenetics.cataglog_qa.testcases.GestationalInfoYesPregLMP#yesPregnantLmp</h3><table class="result"><tr><th class="invisible"/></tr></table><p class="totop"><a href="#summary">back to summary</a></p>
<h3 id="m14">com.baylorgenetics.cataglog_qa.testcases.GestationalInfoYesPregUltraDate#gesYesPregnantUltraDate</h3><table class="result"><tr><th class="invisible"/></tr></table><p class="totop"><a href="#summary">back to summary</a></p>
<h3 id="m15">com.baylorgenetics.cataglog_qa.testcases.LogInFireFox#logInFireFox</h3><table class="result"><tr><th class="invisible"/></tr></table><p class="totop"><a href="#summary">back to summary</a></p>
<h3 id="m16">com.baylorgenetics.cataglog_qa.testcases.LoginChrome#logInChrome</h3><table class="result"><tr><th class="invisible"/></tr></table><p class="totop"><a href="#summary">back to summary</a></p>
<h3 id="m17">com.baylorgenetics.cataglog_qa.testcases.MalePatientInformation#male</h3><table class="result"><tr><th class="invisible"/></tr></table><p class="totop"><a href="#summary">back to summary</a></p>
<h3 id="m18">com.baylorgenetics.cataglog_qa.testcases.NegativeInvalidKeyword#NegativeNoSearchResultsFound</h3><table class="result"><tr><th class="invisible"/></tr></table><p class="totop"><a href="#summary">back to summary</a></p>
<h3 id="m19">com.baylorgenetics.cataglog_qa.testcases.NegativeMissingValueInSampleInfo#negativeSubmitOrderWithMissingValuesInSampleInfo</h3><table class="result"><tr><th class="invisible"/></tr></table><p class="totop"><a href="#summary">back to summary</a></p>
<h3 id="m20">com.baylorgenetics.cataglog_qa.testcases.NegativePatientInfoSubmitWithoutRequiredFields#NegativePatientInfoNorequiredFieldsSubmit</h3><table class="result"><tr><th class="invisible"/></tr></table><p class="totop"><a href="#summary">back to summary</a></p>
<h3 id="m21">com.baylorgenetics.cataglog_qa.testcases.SecurityOpeningActiveOrderFromAnotherAccount#openActiveOrderFromAnotherAccount</h3><table class="result"><tr><th class="invisible"/></tr></table><p class="totop"><a href="#summary">back to summary</a></p>
<h3 id="m22">com.baylorgenetics.cataglog_qa.testcases.SecurityOpeningCompletedOrderFromAnotherAccount#openAcompletedOrderFromAnotherAccount</h3><table class="result"><tr><th class="invisible"/></tr></table><p class="totop"><a href="#summary">back to summary</a></p>
<h3 id="m23">com.baylorgenetics.cataglog_qa.testcases.SecurityOpeningDraftOrderFromAnotherAccount#openDraftOrderFromAnotherAccount</h3><table class="result"><tr><th class="invisible"/></tr></table><p class="totop"><a href="#summary">back to summary</a></p>
<h3 id="m24">com.baylorgenetics.cataglog_qa.testcases.SelectingInsuranceUsePatientInfo#selectingInsuranceFlagUsePatientInfo</h3><table class="result"><tr><th class="invisible"/></tr></table><p class="totop"><a href="#summary">back to summary</a></p>
<h3 id="m25">com.baylorgenetics.cataglog_qa.testcases.ValidatingTheSearchValueInURL#validateValueinUrl</h3><table class="result"><tr><th class="invisible"/></tr></table><p class="totop"><a href="#summary">back to summary</a></p>
<h3 id="m26">com.baylorgenetics.cataglog_qa.testcases.VerifyingAllValuesInTheEthnicityDropDown#ValidateAllValueEthnicity</h3><table class="result"><tr><th class="invisible"/></tr></table><p class="totop"><a href="#summary">back to summary</a></p>
<h3 id="m27">com.baylorgenetics.cataglog_qa.testcases.VerifyingCytogeneticsOrderpageAndSections#verifyingTheUrlAndSectionWestCytogeneticsOrderPage</h3><table class="result"><tr><th class="invisible"/></tr></table><p class="totop"><a href="#summary">back to summary</a></p>
<h3 id="m28">com.baylorgenetics.cataglog_qa.testcases.VerifyingGlobalMapsOrderPageAndSections#verifyingTheUrlAndSectionWestGlobalMapsOrderPage</h3><table class="result"><tr><th class="invisible"/></tr></table><p class="totop"><a href="#summary">back to summary</a></p>
<h3 id="m29">com.baylorgenetics.cataglog_qa.testcases.VerifyingMitochondrialOrderPageAndSections#verifyingTheUrlAndSectionMitOrderPage</h3><table class="result"><tr><th class="invisible"/></tr></table><p class="totop"><a href="#summary">back to summary</a></p>
<h3 id="m30">com.baylorgenetics.cataglog_qa.testcases.VerifyingWestAdvantageOrderPageAndSections#verifyingTheUrlAndSectionWestAdvantageOrderPage</h3><table class="result"><tr><th class="invisible"/></tr></table><p class="totop"><a href="#summary">back to summary</a></p>
<h3 id="m31">com.baylorgenetics.cataglog_qa.testcases.VerifyingWgsOrderPageAndSections#verifyingTheUrlAndSectionWgsOrderPage</h3><table class="result"><tr><th class="invisible"/></tr></table><p class="totop"><a href="#summary">back to summary</a></p>
</body>
</html>
