<?xml version="1.0" encoding="UTF-8"?>
<testng-results skipped="0" failed="0" ignored="0" total="1" passed="1">
  <reporter-output>
  </reporter-output>
  <suite name="Default suite" duration-ms="60960" started-at="2019-10-23T16:45:20Z" finished-at="2019-10-23T16:46:21Z">
    <groups>
    </groups>
    <test name="Default test" duration-ms="60960" started-at="2019-10-23T16:45:20Z" finished-at="2019-10-23T16:46:21Z">
      <class name="com.baylorgenetics.cataglog_qa.testcases.SelectingInsuranceUsePatientInfo">
        <test-method status="PASS" signature="setup(org.testng.ITestContext)[pri:0, instance:com.baylorgenetics.cataglog_qa.testcases.SelectingInsuranceUsePatientInfo@75881071]" name="setup" is-config="true" duration-ms="11" started-at="2019-10-23T16:45:20Z" finished-at="2019-10-23T16:45:20Z">
          <params>
            <param index="0">
              <value>
                <![CDATA[org.testng.TestRunner@22fa55b2]]>
              </value>
            </param>
          </params>
          <reporter-output>
          </reporter-output>
        </test-method> <!-- setup -->
        <test-method status="PASS" signature="selectingInsuranceFlagUsePatientInfo()[pri:0, instance:com.baylorgenetics.cataglog_qa.testcases.SelectingInsuranceUsePatientInfo@75881071]" name="selectingInsuranceFlagUsePatientInfo" duration-ms="60936" started-at="2019-10-23T16:45:20Z" finished-at="2019-10-23T16:46:21Z">
          <reporter-output>
          </reporter-output>
        </test-method> <!-- selectingInsuranceFlagUsePatientInfo -->
      </class> <!-- com.baylorgenetics.cataglog_qa.testcases.SelectingInsuranceUsePatientInfo -->
    </test> <!-- Default test -->
  </suite> <!-- Default suite -->
</testng-results>
